2023-03-18T13:07:09+00:00 DEBUG POST: https://business-api.tiktok.com/open_api/v1.2/tbp/business_profile/disconnect/

{"external_business_id":false,"business_platform":"WOO_COMMERCE","is_setup_page":0,"app_id":false}
 ajax: no
2023-03-18T13:07:09+00:00 DEBUG Tt4b_Mapi_Class::mapi_post: Response: 

HTTP/1.1 200 OK
Server: nginx
Content-Type: application/json; charset=utf-8
Content-Length: 103
X-Api-Deprecation-Info: API for Business Version 1.3 is now live. To avoid disruption to your business, we recommend you migrate all calls to v1.3 as soon as possible. Please visit our migration guide for more details: https://ads.tiktok.com/marketing_api/docs?id=1740029169927169
X-Domain-Change-Info: We have moved to the new domain business-api.tiktok.com for API services after the Platform Upgrade on 09/30/2021. Please update all of your requests with the new domain if you haven't done so already. For more information, please visit https://ads.tiktok.com/marketing_api/docs?rid=esb88xalm6m&id=1709207085043713
X-Tt-Logid: 202303181307093C7ACF5575032C09A7D5
x-tt-trace-host: 01783f158709e6c88b903a6e4ae0e3f162774f1c91f32ed9f00604664e74fb1420e1b311a4bb7f255399d6f35670f7dc706495442e7e523f102fff8da38664b9b9c5a8aa43a5930a1fe48f297893d91f40536c5fafa4a16e0f5651175238ab7fe509d666aaa6686be426aae8f944d2dc62
X-Origin-Response-Time: 8,184.28.235.110
X-Akamai-Request-ID: 7de48c4d.17aefa4b
Expires: Sat, 18 Mar 2023 13:07:10 GMT
Cache-Control: max-age=0, no-cache, no-store
Pragma: no-cache
Date: Sat, 18 Mar 2023 13:07:10 GMT
X-Cache: TCP_MISS from a95-100-111-116.deploy.akamaitechnologies.com (AkamaiGHost/11.0.2-47081134) (-)
Connection: close
X-Cache-Remote: TCP_MISS from a184-28-235-110.deploy.akamaitechnologies.com (AkamaiGHost/11.0.2-47081134) (-)
x-tt-trace-tag: id=16;cdn-cache=miss;type=dyn
Server-Timing: cdn-cache; desc=MISS, edge; dur=176, origin; dur=8
Server-Timing: inner; dur=4
X-Parent-Response-Time: 184,95.100.111.116

{"code":40104,"message":"The access_token is empty.","request_id":"202303181307093C7ACF5575032C09A7D5"}

2023-03-18T13:07:09+00:00 DEBUG POST: https://business-api.tiktok.com/tbp/v2.0/shop/connection/disconnect?external_data=

--- EMPTY STRING ---
 ajax: no
2023-03-18T13:07:10+00:00 DEBUG Tt4b_Mapi_Class::tts_shop_disconnect: Response: 

HTTP/1.1 200 OK
Server: nginx
Content-Type: application/json; charset=utf-8
Content-Length: 95
X-Api-Deprecation-Info: API for Business Version 1.3 is now live. To avoid disruption to your business, we recommend you migrate all calls to v1.3 as soon as possible. Please visit our migration guide for more details: https://ads.tiktok.com/marketing_api/docs?id=1740029169927169
X-Domain-Change-Info: We have moved to the new domain business-api.tiktok.com for API services after the Platform Upgrade on 09/30/2021. Please update all of your requests with the new domain if you haven't done so already. For more information, please visit https://ads.tiktok.com/marketing_api/docs?rid=esb88xalm6m&id=1709207085043713
X-Tt-Logid: 202303181307093C7ACF5575032C09A7DA
x-tt-trace-host: 01783f158709e6c88b903a6e4ae0e3f162774f1c91f32ed9f00604664e74fb1420e1b311a4bb7f255399d6f35670f7dc706495442e7e523f102fff8da38664b9b9c5a8aa43a5930a1fe48f297893d91f40536c5fafa4a16e0f5651175238ab7fe5a86537aa5175847de0a90c45400d591b
X-Origin-Response-Time: 23,184.28.235.110
X-Akamai-Request-ID: 7de49543.17aefb85
Expires: Sat, 18 Mar 2023 13:07:10 GMT
Cache-Control: max-age=0, no-cache, no-store
Pragma: no-cache
Date: Sat, 18 Mar 2023 13:07:10 GMT
X-Cache: TCP_MISS from a95-100-111-116.deploy.akamaitechnologies.com (AkamaiGHost/11.0.2-47081134) (-)
Connection: close
X-Cache-Remote: TCP_MISS from a184-28-235-110.deploy.akamaitechnologies.com (AkamaiGHost/11.0.2-47081134) (-)
x-tt-trace-tag: id=16;cdn-cache=miss;type=dyn
Server-Timing: cdn-cache; desc=MISS, edge; dur=178, origin; dur=23
Server-Timing: inner; dur=18
X-Parent-Response-Time: 201,95.100.111.116

{"code":40001,"message":"Permission denied.","request_id":"202303181307093C7ACF5575032C09A7DA"}

